\BOOKMARK [0][-]{chapter*.1}{\376\377\144\130\211\201}{}% 1
\BOOKMARK [0][-]{chapter*.2}{\376\377\000A\000b\000s\000t\000r\000a\000c\000t}{}% 2
\BOOKMARK [0][-]{chapter.1}{\376\377\173\054\0001\172\340\000\040\000\040\176\352\213\272}{}% 3
\BOOKMARK [1][-]{section.1.1}{\376\377\0001\000.\0001\000\040\116\214\176\247\150\007\230\230\0001}{chapter.1}% 4
\BOOKMARK [1][-]{section.1.2}{\376\377\0001\000.\0002\000\040\116\214\176\247\150\007\230\230\0002}{chapter.1}% 5
\BOOKMARK [2][-]{subsection.1.2.1}{\376\377\0001\000.\0002\000.\0001\000\040\116\011\176\247\150\007\230\230\0001}{section.1.2}% 6
\BOOKMARK [2][-]{subsection.1.2.2}{\376\377\0001\000.\0002\000.\0002\000\040\116\011\176\247\150\007\230\230\0002}{section.1.2}% 7
\BOOKMARK [0][-]{chapter.2}{\376\377\173\054\0002\172\340\000\040\000\040\173\054\0002\172\340\150\007\230\230}{}% 8
\BOOKMARK [1][-]{section.2.1}{\376\377\0002\000.\0001\000\040\116\214\176\247\150\007\230\230}{chapter.2}% 9
\BOOKMARK [0][-]{chapter.3}{\376\377\173\054\0003\172\340\000\040\000\040\145\340\116\272\224\360\143\245\217\146\137\256\122\006\136\163\127\146\121\150\134\100\217\150\217\371\211\304\122\022\145\271\154\325}{}% 10
\BOOKMARK [1][-]{section.3.1}{\376\377\0003\000.\0001\000\040\224\360\143\245\152\041\127\213\137\256\122\006\136\163\127\146\140\047}{chapter.3}% 11
\BOOKMARK [2][-]{subsection.3.1.1}{\376\377\0003\000.\0001\000.\0001\000\040\224\360\143\245\217\146\217\320\122\250\133\146\152\041\127\213\166\204\122\006\147\220}{section.3.1}% 12
\BOOKMARK [2][-]{subsection.3.1.2}{\376\377\0003\000.\0001\000.\0002\000\040\224\360\143\245\217\146\152\041\127\213\166\204\136\163\127\146\217\223\121\372}{section.3.1}% 13
\BOOKMARK [1][-]{section.3.2}{\376\377\0003\000.\0002\000\040\123\302\145\160\123\026\217\150\217\371\210\150\217\276\137\142\137\017}{chapter.3}% 14
\BOOKMARK [2][-]{subsection.3.2.1}{\376\377\0003\000.\0002\000.\0001\000\040\000M\000I\000N\000C\000O\146\362\176\277\217\150\217\371\123\237\164\006}{section.3.2}% 15
\BOOKMARK [2][-]{subsection.3.2.2}{\376\377\0003\000.\0002\000.\0002\000\040\217\150\217\371\123\302\145\160\123\026\217\307\172\013}{section.3.2}% 16
\BOOKMARK [2][-]{subsection.3.2.3}{\376\377\0003\000.\0002\000.\0003\000\040\217\150\217\371\136\163\156\321\116\016\117\030\123\026}{section.3.2}% 17
\BOOKMARK [1][-]{section.3.3}{\376\377\0003\000.\0003\000\040\217\150\217\371\166\204\220\177\226\234\176\246\147\137\122\006\147\220}{chapter.3}% 18
\BOOKMARK [2][-]{subsection.3.3.1}{\376\377\0003\000.\0003\000.\0001\000\040\121\370\131\032\217\271\137\142\176\246\147\137\166\204\145\160\133\146\210\150\217\276}{section.3.3}% 19
\BOOKMARK [1][-]{section.3.4}{\376\377\0003\000.\0004\000\040\123\125\226\066\153\265\145\340\176\246\147\137\217\150\217\371\211\304\122\022}{chapter.3}% 20
\BOOKMARK [2][-]{subsection.3.4.1}{\376\377\0003\000.\0004\000.\0001\000\040\117\030\123\026\225\356\230\230\166\204\136\372\172\313}{section.3.4}% 21
\BOOKMARK [2][-]{subsection.3.4.2}{\376\377\0003\000.\0004\000.\0002\000\040\146\362\163\207\176\246\147\137\124\214\220\177\226\234\176\246\147\137\166\204\155\210\226\144}{section.3.4}% 22
\BOOKMARK [2][-]{subsection.3.4.3}{\376\377\0003\000.\0004\000.\0003\000\040\117\030\123\026\176\323\147\234\166\204\122\006\147\220}{section.3.4}% 23
\BOOKMARK [1][-]{section.3.5}{\376\377\0003\000.\0005\000\040\131\032\226\066\153\265\121\150\134\100\217\150\217\371\211\304\122\022\150\110\117\213}{chapter.3}% 24
\BOOKMARK [2][-]{subsection.3.5.1}{\376\377\0003\000.\0005\000.\0001\000\040\131\032\226\066\153\265\211\304\122\022\166\204\225\356\230\230\143\317\217\360}{section.3.5}% 25
\BOOKMARK [2][-]{subsection.3.5.2}{\376\377\0003\000.\0005\000.\0002\000\040\202\052\160\271\217\307\156\041\173\126\165\145}{section.3.5}% 26
\BOOKMARK [2][-]{subsection.3.5.3}{\376\377\0003\000.\0005\000.\0003\000\040\211\304\122\022\176\323\147\234\134\125\171\072}{section.3.5}% 27
\BOOKMARK [1][-]{section.3.6}{\376\377\0003\000.\0006\000\040\147\054\172\340\140\073\176\323}{chapter.3}% 28
\BOOKMARK [0][-]{chapter.4}{\376\377\173\054\0004\172\340\000\040\000\040\127\372\116\216\133\211\121\150\215\160\136\312\166\204\145\340\116\272\224\360\143\245\217\146\134\100\220\350\211\304\122\022\145\271\154\325}{}% 29
\BOOKMARK [1][-]{section.4.1}{\376\377\0004\000.\0001\000\040\224\360\143\245\217\146\166\204\116\000\202\054\140\047\176\323\147\204\136\372\152\041}{chapter.4}% 30
\BOOKMARK [1][-]{section.4.2}{\376\377\0004\000.\0002\000\040\224\360\143\245\217\146\000H\000y\000b\000r\000i\000d\000\040\000A\000*\173\227\154\325\166\204\122\033\145\260\145\071\217\333}{chapter.4}% 31
\BOOKMARK [2][-]{subsection.4.2.1}{\376\377\0004\000.\0002\000.\0001\000\040\202\202\160\271\142\323\134\125\173\126\165\145\145\071\217\333}{section.4.2}% 32
\BOOKMARK [2][-]{subsection.4.2.2}{\376\377\0004\000.\0002\000.\0002\000\040\116\343\116\367\121\375\145\160\213\276\213\241}{section.4.2}% 33
\BOOKMARK [2][-]{subsection.4.2.3}{\376\377\0004\000.\0002\000.\0003\000\040\170\260\144\236\150\300\155\113\173\227\154\325\213\276\213\241}{section.4.2}% 34
\BOOKMARK [1][-]{section.4.3}{\376\377\0004\000.\0003\000\040\127\372\116\216\000N\000M\000P\000C\124\214\133\211\121\150\215\160\136\312\166\204\217\150\217\371\211\304\122\022}{chapter.4}% 35
\BOOKMARK [2][-]{subsection.4.3.1}{\376\377\0004\000.\0003\000.\0001\000\040\000N\000M\000P\000C\225\356\230\230\147\204\136\372}{section.4.3}% 36
\BOOKMARK [2][-]{subsection.4.3.2}{\376\377\0004\000.\0003\000.\0002\000\040\217\320\122\250\133\146\176\246\147\137}{section.4.3}% 37
\BOOKMARK [2][-]{subsection.4.3.3}{\376\377\0004\000.\0003\000.\0003\000\040\127\372\116\216\133\211\121\150\215\160\136\312\166\204\226\062\170\260\144\236\176\246\147\137}{section.4.3}% 38
\BOOKMARK [2][-]{subsection.4.3.4}{\376\377\0004\000.\0003\000.\0004\000\040\217\271\165\114\147\141\116\366}{section.4.3}% 39
\BOOKMARK [2][-]{subsection.4.3.5}{\376\377\0004\000.\0003\000.\0005\000\040\145\366\225\364\153\143\122\031\123\026\176\246\147\137}{section.4.3}% 40
\BOOKMARK [2][-]{subsection.4.3.6}{\376\377\0004\000.\0003\000.\0006\000\040\217\355\116\343\154\102\211\343\150\106\147\266}{section.4.3}% 41
\BOOKMARK [1][-]{section.4.4}{\376\377\0004\000.\0004\000\040\147\054\172\340\134\017\176\323}{chapter.4}% 42
\BOOKMARK [0][-]{chapter.5}{\376\377\173\054\0005\172\340\000\040\000\040\176\323\213\272}{}% 43
\BOOKMARK [0][-]{chapter.5}{\376\377\123\302\200\003\145\207\163\056}{}% 44
\BOOKMARK [0][-]{chapter.6}{\376\377\226\104\137\125\000A\000\040\000\040}{}% 45
\BOOKMARK [0][-]{chapter.7}{\376\377\226\104\137\125\000B\000\040\000\040}{}% 46
\BOOKMARK [0][-]{chapter*.27}{\376\377\145\073\213\373\170\125\130\353\133\146\117\115\147\037\225\364\123\326\137\227\166\204\142\020\147\234}{}% 47
\BOOKMARK [0][-]{chapter*.28}{\376\377\201\364\214\042}{}% 48
