\BOOKMARK [0][-]{chapter*.1}{\376\377\144\130\211\201}{}% 1
\BOOKMARK [0][-]{chapter*.2}{\376\377\000A\000b\000s\000t\000r\000a\000c\000t}{}% 2
\BOOKMARK [0][-]{chapter.1}{\376\377\173\054\0001\172\340\000\040\000\040\176\352\213\272}{}% 3
\BOOKMARK [1][-]{section.1.1}{\376\377\0001\000.\0001\000\040\116\214\176\247\150\007\230\230\0001}{chapter.1}% 4
\BOOKMARK [1][-]{section.1.2}{\376\377\0001\000.\0002\000\040\116\214\176\247\150\007\230\230\0002}{chapter.1}% 5
\BOOKMARK [2][-]{subsection.1.2.1}{\376\377\0001\000.\0002\000.\0001\000\040\116\011\176\247\150\007\230\230\0001}{section.1.2}% 6
\BOOKMARK [2][-]{subsection.1.2.2}{\376\377\0001\000.\0002\000.\0002\000\040\116\011\176\247\150\007\230\230\0002}{section.1.2}% 7
\BOOKMARK [0][-]{chapter.2}{\376\377\173\054\0002\172\340\000\040\000\040\173\054\0002\172\340\150\007\230\230}{}% 8
\BOOKMARK [1][-]{section.2.1}{\376\377\0002\000.\0001\000\040\116\214\176\247\150\007\230\230}{chapter.2}% 9
\BOOKMARK [1][-]{section.2.2}{\376\377\0002\000.\0002\000\040\116\214\176\247\150\007\230\230\0001}{chapter.2}% 10
\BOOKMARK [1][-]{section.2.3}{\376\377\0002\000.\0003\000\040\116\214\176\247\150\007\230\230\0001}{chapter.2}% 11
\BOOKMARK [1][-]{section.2.4}{\376\377\0002\000.\0004\000\040\116\214\176\247\150\007\230\230\0001}{chapter.2}% 12
\BOOKMARK [1][-]{section.2.5}{\376\377\0002\000.\0005\000\040\116\214\176\247\150\007\230\230\0001}{chapter.2}% 13
\BOOKMARK [1][-]{section.2.6}{\376\377\0002\000.\0006\000\040\116\214\176\247\150\007\230\230\0001}{chapter.2}% 14
\BOOKMARK [1][-]{section.2.7}{\376\377\0002\000.\0007\000\040\116\214\176\247\150\007\230\230}{chapter.2}% 15
\BOOKMARK [0][-]{chapter.3}{\376\377\173\054\0003\172\340\000\040\000\040\173\054\0002\172\340\150\007\230\230}{}% 16
\BOOKMARK [1][-]{section.3.1}{\376\377\0003\000.\0001\000\040\116\214\176\247\150\007\230\230}{chapter.3}% 17
\BOOKMARK [1][-]{section.3.2}{\376\377\0003\000.\0002\000\040\116\214\176\247\150\007\230\230\0001}{chapter.3}% 18
\BOOKMARK [1][-]{section.3.3}{\376\377\0003\000.\0003\000\040\116\214\176\247\150\007\230\230\0001}{chapter.3}% 19
\BOOKMARK [1][-]{section.3.4}{\376\377\0003\000.\0004\000\040\116\214\176\247\150\007\230\230\0001}{chapter.3}% 20
\BOOKMARK [1][-]{section.3.5}{\376\377\0003\000.\0005\000\040\116\214\176\247\150\007\230\230\0001}{chapter.3}% 21
\BOOKMARK [1][-]{section.3.6}{\376\377\0003\000.\0006\000\040\116\214\176\247\150\007\230\230\0001}{chapter.3}% 22
\BOOKMARK [1][-]{section.3.7}{\376\377\0003\000.\0007\000\040\116\214\176\247\150\007\230\230}{chapter.3}% 23
\BOOKMARK [0][-]{chapter.4}{\376\377\173\054\0004\172\340\000\040\000\040\173\054\0002\172\340\150\007\230\230}{}% 24
\BOOKMARK [1][-]{section.4.1}{\376\377\0004\000.\0001\000\040\116\214\176\247\150\007\230\230}{chapter.4}% 25
\BOOKMARK [1][-]{section.4.2}{\376\377\0004\000.\0002\000\040\116\214\176\247\150\007\230\230\0001}{chapter.4}% 26
\BOOKMARK [1][-]{section.4.3}{\376\377\0004\000.\0003\000\040\116\214\176\247\150\007\230\230\0001}{chapter.4}% 27
\BOOKMARK [1][-]{section.4.4}{\376\377\0004\000.\0004\000\040\116\214\176\247\150\007\230\230\0001}{chapter.4}% 28
\BOOKMARK [1][-]{section.4.5}{\376\377\0004\000.\0005\000\040\116\214\176\247\150\007\230\230\0001}{chapter.4}% 29
\BOOKMARK [1][-]{section.4.6}{\376\377\0004\000.\0006\000\040\116\214\176\247\150\007\230\230\0001}{chapter.4}% 30
\BOOKMARK [1][-]{section.4.7}{\376\377\0004\000.\0007\000\040\116\214\176\247\150\007\230\230}{chapter.4}% 31
\BOOKMARK [0][-]{chapter.5}{\376\377\173\054\0005\172\340\000\040\000\040\173\054\0002\172\340\150\007\230\230}{}% 32
\BOOKMARK [1][-]{section.5.1}{\376\377\0005\000.\0001\000\040\116\214\176\247\150\007\230\230}{chapter.5}% 33
\BOOKMARK [1][-]{section.5.2}{\376\377\0005\000.\0002\000\040\116\214\176\247\150\007\230\230\0001}{chapter.5}% 34
\BOOKMARK [1][-]{section.5.3}{\376\377\0005\000.\0003\000\040\116\214\176\247\150\007\230\230\0001}{chapter.5}% 35
\BOOKMARK [1][-]{section.5.4}{\376\377\0005\000.\0004\000\040\116\214\176\247\150\007\230\230\0001}{chapter.5}% 36
\BOOKMARK [1][-]{section.5.5}{\376\377\0005\000.\0005\000\040\116\214\176\247\150\007\230\230\0001}{chapter.5}% 37
\BOOKMARK [1][-]{section.5.6}{\376\377\0005\000.\0006\000\040\116\214\176\247\150\007\230\230\0001}{chapter.5}% 38
\BOOKMARK [1][-]{section.5.7}{\376\377\0005\000.\0007\000\040\116\214\176\247\150\007\230\230}{chapter.5}% 39
\BOOKMARK [0][-]{chapter.6}{\376\377\173\054\0006\172\340\000\040\000\040\173\054\0002\172\340\150\007\230\230}{}% 40
\BOOKMARK [1][-]{section.6.1}{\376\377\0006\000.\0001\000\040\116\214\176\247\150\007\230\230}{chapter.6}% 41
\BOOKMARK [1][-]{section.6.2}{\376\377\0006\000.\0002\000\040\116\214\176\247\150\007\230\230\0001}{chapter.6}% 42
\BOOKMARK [1][-]{section.6.3}{\376\377\0006\000.\0003\000\040\116\214\176\247\150\007\230\230\0001}{chapter.6}% 43
\BOOKMARK [1][-]{section.6.4}{\376\377\0006\000.\0004\000\040\116\214\176\247\150\007\230\230\0001}{chapter.6}% 44
\BOOKMARK [1][-]{section.6.5}{\376\377\0006\000.\0005\000\040\116\214\176\247\150\007\230\230\0001}{chapter.6}% 45
\BOOKMARK [1][-]{section.6.6}{\376\377\0006\000.\0006\000\040\116\214\176\247\150\007\230\230\0001}{chapter.6}% 46
\BOOKMARK [1][-]{section.6.7}{\376\377\0006\000.\0007\000\040\116\214\176\247\150\007\230\230}{chapter.6}% 47
\BOOKMARK [0][-]{chapter.7}{\376\377\173\054\0007\172\340\000\040\000\040\173\054\0002\172\340\150\007\230\230}{}% 48
\BOOKMARK [1][-]{section.7.1}{\376\377\0007\000.\0001\000\040\116\214\176\247\150\007\230\230}{chapter.7}% 49
\BOOKMARK [1][-]{section.7.2}{\376\377\0007\000.\0002\000\040\116\214\176\247\150\007\230\230\0001}{chapter.7}% 50
\BOOKMARK [1][-]{section.7.3}{\376\377\0007\000.\0003\000\040\116\214\176\247\150\007\230\230\0001}{chapter.7}% 51
\BOOKMARK [1][-]{section.7.4}{\376\377\0007\000.\0004\000\040\116\214\176\247\150\007\230\230\0001}{chapter.7}% 52
\BOOKMARK [1][-]{section.7.5}{\376\377\0007\000.\0005\000\040\116\214\176\247\150\007\230\230\0001}{chapter.7}% 53
\BOOKMARK [1][-]{section.7.6}{\376\377\0007\000.\0006\000\040\116\214\176\247\150\007\230\230\0001}{chapter.7}% 54
\BOOKMARK [1][-]{section.7.7}{\376\377\0007\000.\0007\000\040\116\214\176\247\150\007\230\230}{chapter.7}% 55
\BOOKMARK [0][-]{chapter.8}{\376\377\173\054\0008\172\340\000\040\000\040\173\054\0002\172\340\150\007\230\230}{}% 56
\BOOKMARK [1][-]{section.8.1}{\376\377\0008\000.\0001\000\040\116\214\176\247\150\007\230\230}{chapter.8}% 57
\BOOKMARK [1][-]{section.8.2}{\376\377\0008\000.\0002\000\040\116\214\176\247\150\007\230\230\0001}{chapter.8}% 58
\BOOKMARK [1][-]{section.8.3}{\376\377\0008\000.\0003\000\040\116\214\176\247\150\007\230\230\0001}{chapter.8}% 59
\BOOKMARK [1][-]{section.8.4}{\376\377\0008\000.\0004\000\040\116\214\176\247\150\007\230\230\0001}{chapter.8}% 60
\BOOKMARK [1][-]{section.8.5}{\376\377\0008\000.\0005\000\040\116\214\176\247\150\007\230\230\0001}{chapter.8}% 61
\BOOKMARK [1][-]{section.8.6}{\376\377\0008\000.\0006\000\040\116\214\176\247\150\007\230\230\0001}{chapter.8}% 62
\BOOKMARK [1][-]{section.8.7}{\376\377\0008\000.\0007\000\040\116\214\176\247\150\007\230\230}{chapter.8}% 63
\BOOKMARK [0][-]{chapter.9}{\376\377\173\054\0009\172\340\000\040\000\040\173\054\0002\172\340\150\007\230\230}{}% 64
\BOOKMARK [1][-]{section.9.1}{\376\377\0009\000.\0001\000\040\116\214\176\247\150\007\230\230}{chapter.9}% 65
\BOOKMARK [1][-]{section.9.2}{\376\377\0009\000.\0002\000\040\116\214\176\247\150\007\230\230\0001}{chapter.9}% 66
\BOOKMARK [1][-]{section.9.3}{\376\377\0009\000.\0003\000\040\116\214\176\247\150\007\230\230\0001}{chapter.9}% 67
\BOOKMARK [1][-]{section.9.4}{\376\377\0009\000.\0004\000\040\116\214\176\247\150\007\230\230\0001}{chapter.9}% 68
\BOOKMARK [1][-]{section.9.5}{\376\377\0009\000.\0005\000\040\116\214\176\247\150\007\230\230\0001}{chapter.9}% 69
\BOOKMARK [1][-]{section.9.6}{\376\377\0009\000.\0006\000\040\116\214\176\247\150\007\230\230\0001}{chapter.9}% 70
\BOOKMARK [1][-]{section.9.7}{\376\377\0009\000.\0007\000\040\116\214\176\247\150\007\230\230}{chapter.9}% 71
\BOOKMARK [0][-]{chapter.10}{\376\377\173\054\0001\0000\172\340\000\040\000\040\173\054\0002\172\340\150\007\230\230}{}% 72
\BOOKMARK [1][-]{section.10.1}{\376\377\0001\0000\000.\0001\000\040\116\214\176\247\150\007\230\230}{chapter.10}% 73
\BOOKMARK [1][-]{section.10.2}{\376\377\0001\0000\000.\0002\000\040\116\214\176\247\150\007\230\230\0001}{chapter.10}% 74
\BOOKMARK [1][-]{section.10.3}{\376\377\0001\0000\000.\0003\000\040\116\214\176\247\150\007\230\230\0001}{chapter.10}% 75
\BOOKMARK [1][-]{section.10.4}{\376\377\0001\0000\000.\0004\000\040\116\214\176\247\150\007\230\230\0001}{chapter.10}% 76
\BOOKMARK [1][-]{section.10.5}{\376\377\0001\0000\000.\0005\000\040\116\214\176\247\150\007\230\230\0001}{chapter.10}% 77
\BOOKMARK [1][-]{section.10.6}{\376\377\0001\0000\000.\0006\000\040\116\214\176\247\150\007\230\230\0001}{chapter.10}% 78
\BOOKMARK [1][-]{section.10.7}{\376\377\0001\0000\000.\0007\000\040\116\214\176\247\150\007\230\230}{chapter.10}% 79
\BOOKMARK [0][-]{chapter.11}{\376\377\173\054\0001\0001\172\340\000\040\000\040\173\054\0003\172\340\150\007\230\230}{}% 80
\BOOKMARK [1][-]{section.11.1}{\376\377\0001\0001\000.\0001\000\040\147\054\172\340\134\017\176\323}{chapter.11}% 81
\BOOKMARK [0][-]{chapter.12}{\376\377\173\054\0001\0002\172\340\000\040\000\040\176\323\213\272}{}% 82
\BOOKMARK [0][-]{chapter.12}{\376\377\123\302\200\003\145\207\163\056}{}% 83
\BOOKMARK [0][-]{chapter.13}{\376\377\226\104\137\125\000A\000\040\000\040}{}% 84
\BOOKMARK [0][-]{chapter.14}{\376\377\226\104\137\125\000B\000\040\000\040}{}% 85
\BOOKMARK [0][-]{chapter*.11}{\376\377\145\073\213\373\170\125\130\353\133\146\117\115\147\037\225\364\123\326\137\227\166\204\142\020\147\234}{}% 86
\BOOKMARK [0][-]{chapter*.12}{\376\377\201\364\214\042}{}% 87
